<?xml version="1.0" encoding="UTF-8"?>
<!-- Generated by org.testng.reporters.JUnitReportReporter -->
<testsuite hostname="DESKTOP-7BBMSHU" failures="0" tests="1" name="seleniumPackage.NetworkLogs" time="4.848" errors="0" timestamp="2025-01-28T21:36:22 IST" skipped="0">
  <testcase classname="seleniumPackage.NetworkLogs" name="openUrl" time="4.848"/>
</testsuite> <!-- seleniumPackage.NetworkLogs -->
