<?xml version="1.0" encoding="UTF-8"?>
<!-- Generated by org.testng.reporters.JUnitReportReporter -->
<testsuite hostname="DESKTOP-7BBMSHU" failures="0" tests="1" name="seleniumPackage.WithoutdriverSetting" time="13.772" errors="0" timestamp="2025-01-28T14:11:18 IST" skipped="0">
  <testcase classname="seleniumPackage.WithoutdriverSetting" name="openUrl" time="13.772"/>
</testsuite> <!-- seleniumPackage.WithoutdriverSetting -->
