<?xml version="1.0" encoding="UTF-8"?>
<!-- Generated by org.testng.reporters.JUnitReportReporter -->
<testsuite hostname="DESKTOP-7BBMSHU" failures="0" tests="1" name="seleniumPackage.LogDemo" time="0.033" errors="0" timestamp="2025-01-29T06:51:59 IST" skipped="0">
  <testcase classname="seleniumPackage.LogDemo" name="logXmlMethod" time="0.033"/>
</testsuite> <!-- seleniumPackage.LogDemo -->
