<?xml version="1.0" encoding="UTF-8"?>
<!-- Generated by org.testng.reporters.JUnitReportReporter -->
<testsuite hostname="DESKTOP-7BBMSHU" failures="0" tests="2" name="restassured.restPgm" time="2.262" errors="0" timestamp="2025-01-31T12:43:10 IST" skipped="1">
  <testcase classname="restassured.restPgm" name="getRestFromCommon" time="2.262"/>
  <testcase classname="restassured.restPgm" name="valGetRest">
    <skipped/>
  </testcase> <!-- valGetRest -->
</testsuite> <!-- restassured.restPgm -->
