<?xml version="1.0" encoding="UTF-8"?>
<!-- Generated by org.testng.reporters.JUnitReportReporter -->
<testsuite hostname="DESKTOP-7BBMSHU" failures="0" tests="1" name="MyPrograms.FileHandling" time="0.049" errors="0" timestamp="2025-01-30T22:21:11 IST" skipped="0">
  <testcase classname="MyPrograms.FileHandling" name="readFileScanner" time="0.049"/>
</testsuite> <!-- MyPrograms.FileHandling -->
