<?xml version="1.0" encoding="UTF-8"?>
<!-- Generated by org.testng.reporters.JUnitReportReporter -->
<testsuite hostname="DESKTOP-7BBMSHU" failures="0" tests="1" name="seleniumPackage.WriteExcel" time="1.469" errors="0" timestamp="2025-01-29T09:30:55 IST" skipped="0">
  <testcase classname="seleniumPackage.WriteExcel" name="writeExcel" time="1.469"/>
</testsuite> <!-- seleniumPackage.WriteExcel -->
