<?xml version="1.0" encoding="UTF-8"?>
<!-- Generated by org.testng.reporters.JUnitReportReporter -->
<testsuite hostname="DESKTOP-7BBMSHU" failures="0" tests="1" name="MyPrograms.RemoveDuplicateCharInString" time="0.012" errors="0" timestamp="2025-02-02T05:17:15 IST" skipped="0">
  <testcase classname="MyPrograms.RemoveDuplicateCharInString" name="charCountInString" time="0.012"/>
</testsuite> <!-- MyPrograms.RemoveDuplicateCharInString -->
