<?xml version="1.0" encoding="UTF-8"?>
<!-- Generated by org.testng.reporters.JUnitReportReporter -->
<testsuite hostname="DESKTOP-7BBMSHU" failures="0" tests="1" name="MyPrograms.JavaPgms" time="0.010" errors="0" timestamp="2025-01-29T12:13:22 IST" skipped="0">
  <testcase classname="MyPrograms.JavaPgms" name="reverseString" time="0.010"/>
</testsuite> <!-- MyPrograms.JavaPgms -->
