<?xml version="1.0" encoding="UTF-8"?>
<!-- Generated by org.testng.reporters.JUnitReportReporter -->
<testsuite hostname="DESKTOP-7BBMSHU" failures="0" tests="1" name="seleniumPackage.chromeoption" time="4.094" errors="0" timestamp="2025-01-29T09:47:33 IST" skipped="0">
  <testcase classname="seleniumPackage.chromeoption" name="browserOptions" time="4.094"/>
</testsuite> <!-- seleniumPackage.chromeoption -->
