<?xml version="1.0" encoding="UTF-8"?>
<!-- Generated by org.testng.reporters.JUnitReportReporter -->
<testsuite hostname="DESKTOP-7BBMSHU" failures="0" tests="1" name="restassured.CompJsons" time="0.242" errors="0" timestamp="2025-01-31T06:40:10 IST" skipped="0">
  <testcase classname="restassured.CompJsons" name="cmpJsons" time="0.242"/>
</testsuite> <!-- restassured.CompJsons -->
