<?xml version="1.0" encoding="UTF-8"?>
<!-- Generated by org.testng.reporters.JUnitReportReporter -->
<testsuite hostname="DESKTOP-7BBMSHU" failures="0" tests="2" name="MyPrograms.TestNGAnnotations" time="0.017" errors="0" timestamp="2025-01-29T15:34:08 IST" skipped="0">
  <testcase classname="MyPrograms.TestNGAnnotations" name="inTest2" time="0.005"/>
  <testcase classname="MyPrograms.TestNGAnnotations" name="inTest1" time="0.012"/>
</testsuite> <!-- MyPrograms.TestNGAnnotations -->
