<?xml version="1.0" encoding="UTF-8"?>
<!-- Generated by org.testng.reporters.JUnitReportReporter -->
<testsuite hostname="DESKTOP-7BBMSHU" failures="0" tests="1" name="seleniumPackage.TestSlider" time="13.033" errors="0" timestamp="2025-01-29T10:14:49 IST" skipped="0">
  <testcase classname="seleniumPackage.TestSlider" name="moveSlider" time="13.033"/>
</testsuite> <!-- seleniumPackage.TestSlider -->
