<?xml version="1.0" encoding="UTF-8"?>
<!-- Generated by org.testng.reporters.JUnitReportReporter -->
<testsuite hostname="DESKTOP-7BBMSHU" failures="0" tests="1" name="MyPrograms.CharonceInString" time="0.014" errors="0" timestamp="2025-02-01T06:14:56 IST" skipped="0">
  <testcase classname="MyPrograms.CharonceInString" name="charOnce" time="0.014"/>
</testsuite> <!-- MyPrograms.CharonceInString -->
