<?xml version="1.0" encoding="UTF-8"?>
<!-- Generated by org.testng.reporters.JUnitReportReporter -->
<testsuite hostname="DESKTOP-7BBMSHU" failures="0" tests="1" name="MyPrograms.CollectionsPgms" time="0.025" errors="0" timestamp="2025-01-30T11:45:12 IST" skipped="0">
  <testcase classname="MyPrograms.CollectionsPgms" name="hashMapMethod" time="0.025"/>
</testsuite> <!-- MyPrograms.CollectionsPgms -->
