<?xml version="1.0" encoding="UTF-8"?>
<!-- Generated by org.testng.reporters.JUnitReportReporter -->
<testsuite hostname="DESKTOP-7BBMSHU" failures="0" tests="4" name="MyPrograms.DataProviderExcel" time="0.033" errors="0" timestamp="2025-01-27T16:57:02 IST" skipped="0">
  <testcase classname="MyPrograms.DataProviderExcel" name="firstMethod" time="0.003"/>
  <testcase classname="MyPrograms.DataProviderExcel" name="getFromProp" time="0.002"/>
  <testcase classname="MyPrograms.DataProviderExcel" name="firstMethod" time="0.003"/>
  <testcase classname="MyPrograms.DataProviderExcel" name="firstMethod" time="0.025"/>
</testsuite> <!-- MyPrograms.DataProviderExcel -->
